Classic Timing Analyzer report for multiplexor
Thu Jan 02 02:53:14 2020
Quartus II Version 9.0 Build 132 02/25/2009 SJ Full Version


---------------------
; Table of Contents ;
---------------------
  1. Legal Notice
  2. Timing Analyzer Summary
  3. Timing Analyzer Settings
  4. Parallel Compilation
  5. tpd
  6. Timing Analyzer Messages



----------------
; Legal Notice ;
----------------
Copyright (C) 1991-2009 Altera Corporation
Your use of Altera Corporation's design tools, logic functions 
and other software and tools, and its AMPP partner logic 
functions, and any output files from any of the foregoing 
(including device programming or simulation files), and any 
associated documentation or information are expressly subject 
to the terms and conditions of the Altera Program License 
Subscription Agreement, Altera MegaCore Function License 
Agreement, or other applicable license agreement, including, 
without limitation, that your use is for the sole purpose of 
programming logic devices manufactured by Altera and sold by 
Altera or its authorized distributors.  Please refer to the 
applicable agreement for further details.



+---------------------------------------------------------------------------------------------------------------------------+
; Timing Analyzer Summary                                                                                                   ;
+------------------------------+-------+---------------+-------------+--------+------+------------+----------+--------------+
; Type                         ; Slack ; Required Time ; Actual Time ; From   ; To   ; From Clock ; To Clock ; Failed Paths ;
+------------------------------+-------+---------------+-------------+--------+------+------------+----------+--------------+
; Worst-case tpd               ; N/A   ; None          ; 10.972 ns   ; sel[1] ; o[0] ; --         ; --       ; 0            ;
; Total number of failed paths ;       ;               ;             ;        ;      ;            ;          ; 0            ;
+------------------------------+-------+---------------+-------------+--------+------+------------+----------+--------------+


+--------------------------------------------------------------------------------------------------------------------+
; Timing Analyzer Settings                                                                                           ;
+---------------------------------------------------------------------+--------------------+------+----+-------------+
; Option                                                              ; Setting            ; From ; To ; Entity Name ;
+---------------------------------------------------------------------+--------------------+------+----+-------------+
; Device Name                                                         ; EP2S30F484C3       ;      ;    ;             ;
; Timing Models                                                       ; Final              ;      ;    ;             ;
; Default hold multicycle                                             ; Same as Multicycle ;      ;    ;             ;
; Cut paths between unrelated clock domains                           ; On                 ;      ;    ;             ;
; Cut off read during write signal paths                              ; On                 ;      ;    ;             ;
; Cut off feedback from I/O pins                                      ; On                 ;      ;    ;             ;
; Report Combined Fast/Slow Timing                                    ; Off                ;      ;    ;             ;
; Ignore Clock Settings                                               ; Off                ;      ;    ;             ;
; Analyze latches as synchronous elements                             ; On                 ;      ;    ;             ;
; Enable Recovery/Removal analysis                                    ; Off                ;      ;    ;             ;
; Enable Clock Latency                                                ; Off                ;      ;    ;             ;
; Use TimeQuest Timing Analyzer                                       ; Off                ;      ;    ;             ;
; Minimum Core Junction Temperature                                   ; 0                  ;      ;    ;             ;
; Maximum Core Junction Temperature                                   ; 85                 ;      ;    ;             ;
; Number of source nodes to report per destination node               ; 10                 ;      ;    ;             ;
; Number of destination nodes to report                               ; 10                 ;      ;    ;             ;
; Number of paths to report                                           ; 200                ;      ;    ;             ;
; Report Minimum Timing Checks                                        ; Off                ;      ;    ;             ;
; Use Fast Timing Models                                              ; Off                ;      ;    ;             ;
; Report IO Paths Separately                                          ; Off                ;      ;    ;             ;
; Perform Multicorner Analysis                                        ; On                 ;      ;    ;             ;
; Reports the worst-case path for each clock domain and analysis      ; Off                ;      ;    ;             ;
; Removes common clock path pessimism (CCPP) during slack computation ; Off                ;      ;    ;             ;
; Output I/O Timing Endpoint                                          ; Near End           ;      ;    ;             ;
+---------------------------------------------------------------------+--------------------+------+----+-------------+


+------------------------------------------+
; Parallel Compilation                     ;
+----------------------------+-------------+
; Processors                 ; Number      ;
+----------------------------+-------------+
; Number detected on machine ; 4           ;
; Maximum allowed            ; 4           ;
;                            ;             ;
; Average used               ; 1.00        ;
; Maximum used               ; 1           ;
;                            ;             ;
; Usage by Processor         ; % Time Used ;
;     1 processor            ; 100.0%      ;
;     2-4 processors         ;   0.0%      ;
+----------------------------+-------------+


+-------------------------------------------------------------+
; tpd                                                         ;
+-------+-------------------+-----------------+--------+------+
; Slack ; Required P2P Time ; Actual P2P Time ; From   ; To   ;
+-------+-------------------+-----------------+--------+------+
; N/A   ; None              ; 10.972 ns       ; sel[1] ; o[0] ;
; N/A   ; None              ; 10.944 ns       ; sel[0] ; o[0] ;
; N/A   ; None              ; 10.700 ns       ; i3[0]  ; o[0] ;
; N/A   ; None              ; 10.632 ns       ; i2[0]  ; o[0] ;
; N/A   ; None              ; 10.512 ns       ; sel[1] ; o[1] ;
; N/A   ; None              ; 10.475 ns       ; sel[0] ; o[1] ;
; N/A   ; None              ; 10.239 ns       ; i0[0]  ; o[0] ;
; N/A   ; None              ; 10.234 ns       ; i2[1]  ; o[1] ;
; N/A   ; None              ; 10.081 ns       ; sel[1] ; o[2] ;
; N/A   ; None              ; 9.993 ns        ; sel[0] ; o[2] ;
; N/A   ; None              ; 9.938 ns        ; i1[1]  ; o[1] ;
; N/A   ; None              ; 9.917 ns        ; i1[0]  ; o[0] ;
; N/A   ; None              ; 9.823 ns        ; i0[1]  ; o[1] ;
; N/A   ; None              ; 9.821 ns        ; i2[2]  ; o[2] ;
; N/A   ; None              ; 9.682 ns        ; i1[2]  ; o[2] ;
; N/A   ; None              ; 9.544 ns        ; i3[2]  ; o[2] ;
; N/A   ; None              ; 9.375 ns        ; i0[2]  ; o[2] ;
; N/A   ; None              ; 9.319 ns        ; i3[1]  ; o[1] ;
+-------+-------------------+-----------------+--------+------+


+--------------------------+
; Timing Analyzer Messages ;
+--------------------------+
Info: *******************************************************************
Info: Running Quartus II Classic Timing Analyzer
    Info: Version 9.0 Build 132 02/25/2009 SJ Full Version
    Info: Processing started: Thu Jan 02 02:53:13 2020
Info: Command: quartus_tan --read_settings_files=off --write_settings_files=off multiplexor -c multiplexor --timing_analysis_only
Info: Parallel compilation is enabled and will use 4 of the 4 processors detected
Info: Longest tpd from source pin "sel[1]" to destination pin "o[0]" is 10.972 ns
    Info: 1: + IC(0.000 ns) + CELL(0.847 ns) = 0.847 ns; Loc. = PIN_AA15; Fanout = 3; PIN Node = 'sel[1]'
    Info: 2: + IC(5.037 ns) + CELL(0.357 ns) = 6.241 ns; Loc. = LCCOMB_X32_Y21_N0; Fanout = 1; COMB Node = 'Mux2~0'
    Info: 3: + IC(2.759 ns) + CELL(1.972 ns) = 10.972 ns; Loc. = PIN_AA16; Fanout = 0; PIN Node = 'o[0]'
    Info: Total cell delay = 3.176 ns ( 28.95 % )
    Info: Total interconnect delay = 7.796 ns ( 71.05 % )
Info: Quartus II Classic Timing Analyzer was successful. 0 errors, 0 warnings
    Info: Peak virtual memory: 190 megabytes
    Info: Processing ended: Thu Jan 02 02:53:14 2020
    Info: Elapsed time: 00:00:01
    Info: Total CPU time (on all processors): 00:00:00


